%YAML 1.1
%TAG !u! tag:unity3d.com,2011:
--- !u!114 &1
MonoBehaviour:
  m_ObjectHideFlags: 52
  m_CorrespondingSourceObject: {fileID: 0}
  m_PrefabInstance: {fileID: 0}
  m_PrefabAsset: {fileID: 0}
  m_GameObject: {fileID: 0}
  m_Enabled: 1
  m_EditorHideFlags: 1
  m_Script: {fileID: 12004, guid: 0000000000000000e000000000000000, type: 0}
  m_Name: 
  m_EditorClassIdentifier: 
  m_PixelRect:
    serializedVersion: 2
    x: 0
    y: 43
    width: 2560
    height: 989
  m_ShowMode: 4
  m_Title: Console
  m_RootView: {fileID: 2}
  m_MinSize: {x: 875, y: 300}
  m_MaxSize: {x: 10000, y: 10000}
  m_Maximized: 1
--- !u!114 &2
MonoBehaviour:
  m_ObjectHideFlags: 52
  m_CorrespondingSourceObject: {fileID: 0}
  m_PrefabInstance: {fileID: 0}
  m_PrefabAsset: {fileID: 0}
  m_GameObject: {fileID: 0}
  m_Enabled: 1
  m_EditorHideFlags: 1
  m_Script: {fileID: 12008, guid: 0000000000000000e000000000000000, type: 0}
  m_Name: 
  m_EditorClassIdentifier: 
  m_Children:
  - {fileID: 3}
  - {fileID: 5}
  - {fileID: 4}
  m_Position:
    serializedVersion: 2
    x: 0
    y: 0
    width: 2560
    height: 989
  m_MinSize: {x: 875, y: 300}
  m_MaxSize: {x: 10000, y: 10000}
  m_UseTopView: 1
  m_TopViewHeight: 30
  m_UseBottomView: 1
  m_BottomViewHeight: 20
--- !u!114 &3
MonoBehaviour:
  m_ObjectHideFlags: 52
  m_CorrespondingSourceObject: {fileID: 0}
  m_PrefabInstance: {fileID: 0}
  m_PrefabAsset: {fileID: 0}
  m_GameObject: {fileID: 0}
  m_Enabled: 1
  m_EditorHideFlags: 1
  m_Script: {fileID: 12011, guid: 0000000000000000e000000000000000, type: 0}
  m_Name: 
  m_EditorClassIdentifier: 
  m_Children: []
  m_Position:
    serializedVersion: 2
    x: 0
    y: 0
    width: 2560
    height: 30
  m_MinSize: {x: 0, y: 0}
  m_MaxSize: {x: 0, y: 0}
  m_LastLoadedLayoutName: 
--- !u!114 &4
MonoBehaviour:
  m_ObjectHideFlags: 52
  m_CorrespondingSourceObject: {fileID: 0}
  m_PrefabInstance: {fileID: 0}
  m_PrefabAsset: {fileID: 0}
  m_GameObject: {fileID: 0}
  m_Enabled: 1
  m_EditorHideFlags: 1
  m_Script: {fileID: 12042, guid: 0000000000000000e000000000000000, type: 0}
  m_Name: 
  m_EditorClassIdentifier: 
  m_Children: []
  m_Position:
    serializedVersion: 2
    x: 0
    y: 969
    width: 2560
    height: 20
  m_MinSize: {x: 0, y: 0}
  m_MaxSize: {x: 0, y: 0}
--- !u!114 &5
MonoBehaviour:
  m_ObjectHideFlags: 52
  m_CorrespondingSourceObject: {fileID: 0}
  m_PrefabInstance: {fileID: 0}
  m_PrefabAsset: {fileID: 0}
  m_GameObject: {fileID: 0}
  m_Enabled: 1
  m_EditorHideFlags: 1
  m_Script: {fileID: 12010, guid: 0000000000000000e000000000000000, type: 0}
  m_Name: 
  m_EditorClassIdentifier: 
  m_Children:
  - {fileID: 6}
  - {fileID: 9}
  - {fileID: 14}
  m_Position:
    serializedVersion: 2
    x: 0
    y: 30
    width: 2560
    height: 939
  m_MinSize: {x: 400, y: 200}
  m_MaxSize: {x: 32384, y: 16192}
  vertical: 0
  controlID: 153
--- !u!114 &6
MonoBehaviour:
  m_ObjectHideFlags: 52
  m_CorrespondingSourceObject: {fileID: 0}
  m_PrefabInstance: {fileID: 0}
  m_PrefabAsset: {fileID: 0}
  m_GameObject: {fileID: 0}
  m_Enabled: 1
  m_EditorHideFlags: 1
  m_Script: {fileID: 12010, guid: 0000000000000000e000000000000000, type: 0}
  m_Name: 
  m_EditorClassIdentifier: 
  m_Children:
  - {fileID: 7}
  - {fileID: 8}
  m_Position:
    serializedVersion: 2
    x: 0
    y: 0
    width: 784
    height: 939
  m_MinSize: {x: 100, y: 200}
  m_MaxSize: {x: 8096, y: 16192}
  vertical: 1
  controlID: 130
--- !u!114 &7
MonoBehaviour:
  m_ObjectHideFlags: 52
  m_CorrespondingSourceObject: {fileID: 0}
  m_PrefabInstance: {fileID: 0}
  m_PrefabAsset: {fileID: 0}
  m_GameObject: {fileID: 0}
  m_Enabled: 1
  m_EditorHideFlags: 1
  m_Script: {fileID: 12006, guid: 0000000000000000e000000000000000, type: 0}
  m_Name: 
  m_EditorClassIdentifier: 
  m_Children: []
  m_Position:
    serializedVersion: 2
    x: 0
    y: 0
    width: 784
    height: 481
  m_MinSize: {x: 200, y: 200}
  m_MaxSize: {x: 4000, y: 4000}
  m_ActualView: {fileID: 17}
  m_Panes:
  - {fileID: 17}
  m_Selected: 0
  m_LastSelected: 0
--- !u!114 &8
MonoBehaviour:
  m_ObjectHideFlags: 52
  m_CorrespondingSourceObject: {fileID: 0}
  m_PrefabInstance: {fileID: 0}
  m_PrefabAsset: {fileID: 0}
  m_GameObject: {fileID: 0}
  m_Enabled: 1
  m_EditorHideFlags: 1
  m_Script: {fileID: 12006, guid: 0000000000000000e000000000000000, type: 0}
  m_Name: GameView
  m_EditorClassIdentifier: 
  m_Children: []
  m_Position:
    serializedVersion: 2
    x: 0
    y: 481
    width: 784
    height: 458
  m_MinSize: {x: 201, y: 221}
  m_MaxSize: {x: 4001, y: 4021}
  m_ActualView: {fileID: 16}
  m_Panes:
  - {fileID: 16}
  m_Selected: 0
  m_LastSelected: 0
--- !u!114 &9
MonoBehaviour:
  m_ObjectHideFlags: 52
  m_CorrespondingSourceObject: {fileID: 0}
  m_PrefabInstance: {fileID: 0}
  m_PrefabAsset: {fileID: 0}
  m_GameObject: {fileID: 0}
  m_Enabled: 1
  m_EditorHideFlags: 0
  m_Script: {fileID: 12010, guid: 0000000000000000e000000000000000, type: 0}
  m_Name: 
  m_EditorClassIdentifier: 
  m_Children:
  - {fileID: 10}
  - {fileID: 13}
  m_Position:
    serializedVersion: 2
    x: 784
    y: 0
    width: 752
    height: 939
  m_MinSize: {x: 200, y: 200}
  m_MaxSize: {x: 16192, y: 16192}
  vertical: 1
  controlID: 16
--- !u!114 &10
MonoBehaviour:
  m_ObjectHideFlags: 52
  m_CorrespondingSourceObject: {fileID: 0}
  m_PrefabInstance: {fileID: 0}
  m_PrefabAsset: {fileID: 0}
  m_GameObject: {fileID: 0}
  m_Enabled: 1
  m_EditorHideFlags: 0
  m_Script: {fileID: 12010, guid: 0000000000000000e000000000000000, type: 0}
  m_Name: 
  m_EditorClassIdentifier: 
  m_Children:
  - {fileID: 11}
  - {fileID: 12}
  m_Position:
    serializedVersion: 2
    x: 0
    y: 0
    width: 752
    height: 480
  m_MinSize: {x: 200, y: 100}
  m_MaxSize: {x: 16192, y: 8096}
  vertical: 0
  controlID: 85
--- !u!114 &11
MonoBehaviour:
  m_ObjectHideFlags: 52
  m_CorrespondingSourceObject: {fileID: 0}
  m_PrefabInstance: {fileID: 0}
  m_PrefabAsset: {fileID: 0}
  m_GameObject: {fileID: 0}
  m_Enabled: 1
  m_EditorHideFlags: 1
  m_Script: {fileID: 12006, guid: 0000000000000000e000000000000000, type: 0}
  m_Name: SceneHierarchyWindow
  m_EditorClassIdentifier: 
  m_Children: []
  m_Position:
    serializedVersion: 2
    x: 0
    y: 0
    width: 260
    height: 480
  m_MinSize: {x: 202, y: 221}
  m_MaxSize: {x: 4002, y: 4021}
  m_ActualView: {fileID: 18}
  m_Panes:
  - {fileID: 18}
  - {fileID: 19}
  m_Selected: 0
  m_LastSelected: 1
--- !u!114 &12
MonoBehaviour:
  m_ObjectHideFlags: 52
  m_CorrespondingSourceObject: {fileID: 0}
  m_PrefabInstance: {fileID: 0}
  m_PrefabAsset: {fileID: 0}
  m_GameObject: {fileID: 0}
  m_Enabled: 1
  m_EditorHideFlags: 0
  m_Script: {fileID: 12006, guid: 0000000000000000e000000000000000, type: 0}
  m_Name: ProjectBrowser
  m_EditorClassIdentifier: 
  m_Children: []
  m_Position:
    serializedVersion: 2
    x: 260
    y: 0
    width: 492
    height: 480
  m_MinSize: {x: 232, y: 271}
  m_MaxSize: {x: 10002, y: 10021}
  m_ActualView: {fileID: 21}
  m_Panes:
  - {fileID: 20}
  - {fileID: 21}
  - {fileID: 15}
  m_Selected: 1
  m_LastSelected: 0
--- !u!114 &13
MonoBehaviour:
  m_ObjectHideFlags: 52
  m_CorrespondingSourceObject: {fileID: 0}
  m_PrefabInstance: {fileID: 0}
  m_PrefabAsset: {fileID: 0}
  m_GameObject: {fileID: 0}
  m_Enabled: 1
  m_EditorHideFlags: 0
  m_Script: {fileID: 12006, guid: 0000000000000000e000000000000000, type: 0}
  m_Name: ConsoleWindow
  m_EditorClassIdentifier: 
  m_Children: []
  m_Position:
    serializedVersion: 2
    x: 0
    y: 480
    width: 752
    height: 459
  m_MinSize: {x: 102, y: 121}
  m_MaxSize: {x: 4002, y: 4021}
  m_ActualView: {fileID: 22}
  m_Panes:
  - {fileID: 22}
  - {fileID: 23}
  m_Selected: 0
  m_LastSelected: 1
--- !u!114 &14
MonoBehaviour:
  m_ObjectHideFlags: 52
  m_CorrespondingSourceObject: {fileID: 0}
  m_PrefabInstance: {fileID: 0}
  m_PrefabAsset: {fileID: 0}
  m_GameObject: {fileID: 0}
  m_Enabled: 1
  m_EditorHideFlags: 1
  m_Script: {fileID: 12006, guid: 0000000000000000e000000000000000, type: 0}
  m_Name: InspectorWindow
  m_EditorClassIdentifier: 
  m_Children: []
  m_Position:
    serializedVersion: 2
    x: 1536
    y: 0
    width: 1024
    height: 939
  m_MinSize: {x: 275, y: 50}
  m_MaxSize: {x: 4000, y: 4000}
  m_ActualView: {fileID: 24}
  m_Panes:
  - {fileID: 24}
  - {fileID: 25}
  m_Selected: 0
  m_LastSelected: 1
--- !u!114 &15
MonoBehaviour:
  m_ObjectHideFlags: 52
  m_CorrespondingSourceObject: {fileID: 0}
  m_PrefabInstance: {fileID: 0}
  m_PrefabAsset: {fileID: 0}
  m_GameObject: {fileID: 0}
  m_Enabled: 1
  m_EditorHideFlags: 0
  m_Script: {fileID: 12402, guid: 0000000000000000e000000000000000, type: 0}
  m_Name: 
  m_EditorClassIdentifier: 
  m_MinSize: {x: 300, y: 150}
  m_MaxSize: {x: 4000, y: 4000}
  m_TitleContent:
    m_Text: Services
    m_Image: {fileID: 0}
    m_Tooltip: 
  m_Pos:
    serializedVersion: 2
    x: 1119
    y: 73
    width: 630
    height: 520
  m_ViewDataDictionary: {fileID: 0}
  m_OverlayCanvas:
    m_LastAppliedPresetName: Default
    m_SaveData: []
--- !u!114 &16
MonoBehaviour:
  m_ObjectHideFlags: 52
  m_CorrespondingSourceObject: {fileID: 0}
  m_PrefabInstance: {fileID: 0}
  m_PrefabAsset: {fileID: 0}
  m_GameObject: {fileID: 0}
  m_Enabled: 1
  m_EditorHideFlags: 1
  m_Script: {fileID: 12015, guid: 0000000000000000e000000000000000, type: 0}
  m_Name: 
  m_EditorClassIdentifier: 
  m_MinSize: {x: 200, y: 200}
  m_MaxSize: {x: 4000, y: 4000}
  m_TitleContent:
    m_Text: Game
    m_Image: {fileID: -6423792434712278376, guid: 0000000000000000d000000000000000, type: 0}
    m_Tooltip: 
  m_Pos:
    serializedVersion: 2
    x: 0
    y: 554
    width: 783
    height: 437
  m_ViewDataDictionary: {fileID: 0}
  m_OverlayCanvas:
    m_LastAppliedPresetName: Default
    m_SaveData: []
  m_SerializedViewNames: []
  m_SerializedViewValues: []
  m_PlayModeViewName: GameView
  m_ShowGizmos: 0
  m_TargetDisplay: 0
  m_ClearColor: {r: 0, g: 0, b: 0, a: 0}
  m_TargetSize: {x: 783, y: 416}
  m_TextureFilterMode: 0
  m_TextureHideFlags: 61
  m_RenderIMGUI: 1
  m_EnterPlayModeBehavior: 0
  m_UseMipMap: 0
  m_VSyncEnabled: 0
  m_Gizmos: 0
  m_Stats: 0
  m_SelectedSizes: 00000000000000000000000000000000000000000000000000000000000000000000000000000000
  m_ZoomArea:
    m_HRangeLocked: 0
    m_VRangeLocked: 0
    hZoomLockedByDefault: 0
    vZoomLockedByDefault: 0
    m_HBaseRangeMin: -391.5
    m_HBaseRangeMax: 391.5
    m_VBaseRangeMin: -208
    m_VBaseRangeMax: 208
    m_HAllowExceedBaseRangeMin: 1
    m_HAllowExceedBaseRangeMax: 1
    m_VAllowExceedBaseRangeMin: 1
    m_VAllowExceedBaseRangeMax: 1
    m_ScaleWithWindow: 0
    m_HSlider: 0
    m_VSlider: 0
    m_IgnoreScrollWheelUntilClicked: 0
    m_EnableMouseInput: 1
    m_EnableSliderZoomHorizontal: 0
    m_EnableSliderZoomVertical: 0
    m_UniformScale: 1
    m_UpDirection: 1
    m_DrawArea:
      serializedVersion: 2
      x: 0
      y: 21
      width: 783
      height: 416
    m_Scale: {x: 1, y: 1}
    m_Translation: {x: 391.5, y: 208}
    m_MarginLeft: 0
    m_MarginRight: 0
    m_MarginTop: 0
    m_MarginBottom: 0
    m_LastShownAreaInsideMargins:
      serializedVersion: 2
      x: -391.5
      y: -208
      width: 783
      height: 416
    m_MinimalGUI: 1
  m_defaultScale: 1
  m_LastWindowPixelSize: {x: 783, y: 437}
  m_ClearInEditMode: 1
  m_NoCameraWarning: 1
  m_LowResolutionForAspectRatios: 01000000000000000000
  m_XRRenderMode: 0
  m_RenderTexture: {fileID: 0}
--- !u!114 &17
MonoBehaviour:
  m_ObjectHideFlags: 52
  m_CorrespondingSourceObject: {fileID: 0}
  m_PrefabInstance: {fileID: 0}
  m_PrefabAsset: {fileID: 0}
  m_GameObject: {fileID: 0}
  m_Enabled: 1
  m_EditorHideFlags: 1
  m_Script: {fileID: 12013, guid: 0000000000000000e000000000000000, type: 0}
  m_Name: 
  m_EditorClassIdentifier: 
  m_MinSize: {x: 200, y: 200}
  m_MaxSize: {x: 4000, y: 4000}
  m_TitleContent:
    m_Text: Scene
    m_Image: {fileID: 2593428753322112591, guid: 0000000000000000d000000000000000, type: 0}
    m_Tooltip: 
  m_Pos:
    serializedVersion: 2
    x: 0
    y: 73
    width: 783
    height: 460
  m_ViewDataDictionary: {fileID: 0}
  m_OverlayCanvas:
    m_LastAppliedPresetName: Default
    m_SaveData:
    - dockPosition: 0
      containerId: overlay-toolbar__top
      floating: 0
      collapsed: 0
      displayed: 1
      snapOffset: {x: 0, y: 0}
      snapOffsetDelta: {x: -101, y: -26}
      snapCorner: 3
      id: Tool Settings
      index: 0
      layout: 1
    - dockPosition: 0
      containerId: overlay-toolbar__top
      floating: 0
      collapsed: 0
      displayed: 1
      snapOffset: {x: -141, y: 149}
      snapOffsetDelta: {x: 0, y: 0}
      snapCorner: 1
      id: unity-grid-and-snap-toolbar
      index: 1
      layout: 1
    - dockPosition: 1
      containerId: overlay-toolbar__top
      floating: 0
      collapsed: 0
      displayed: 1
      snapOffset: {x: 0, y: 0}
      snapOffsetDelta: {x: 0, y: 0}
      snapCorner: 0
      id: unity-scene-view-toolbar
      index: 0
      layout: 1
    - dockPosition: 1
      containerId: overlay-toolbar__top
      floating: 0
      collapsed: 0
      displayed: 0
      snapOffset: {x: 0, y: 0}
      snapOffsetDelta: {x: 0, y: 0}
      snapCorner: 1
      id: unity-search-toolbar
      index: 1
      layout: 1
    - dockPosition: 1
      containerId: overlay-toolbar__top
      floating: 0
      collapsed: 0
      displayed: 0
      snapOffset: {x: 0, y: 0}
      snapOffsetDelta: {x: 0, y: 0}
      snapCorner: 0
      id: Scene View/Open Tile Palette
      index: 2
      layout: 4
    - dockPosition: 1
      containerId: overlay-toolbar__top
      floating: 0
      collapsed: 0
      displayed: 0
      snapOffset: {x: 0, y: 0}
      snapOffsetDelta: {x: 0, y: 0}
      snapCorner: 0
      id: Scene View/Tilemap Focus
      index: 3
      layout: 4
    - dockPosition: 0
      containerId: overlay-container--left
      floating: 0
      collapsed: 0
      displayed: 1
      snapOffset: {x: 0, y: 0}
      snapOffsetDelta: {x: 0, y: 0}
      snapCorner: 0
      id: unity-transform-toolbar
      index: 0
      layout: 2
    - dockPosition: 0
      containerId: overlay-container--right
      floating: 0
      collapsed: 0
      displayed: 1
      snapOffset: {x: 67.5, y: 86}
      snapOffsetDelta: {x: 0, y: 0}
      snapCorner: 0
      id: Orientation
      index: 0
      layout: 4
    - dockPosition: 1
      containerId: overlay-container--right
      floating: 0
      collapsed: 0
      displayed: 0
      snapOffset: {x: 0, y: 0}
      snapOffsetDelta: {x: 0, y: 0}
      snapCorner: 0
      id: Scene View/Light Settings
      index: 0
      layout: 4
    - dockPosition: 1
      containerId: overlay-container--right
      floating: 0
      collapsed: 0
      displayed: 0
      snapOffset: {x: 0, y: 0}
      snapOffsetDelta: {x: 0, y: 0}
      snapCorner: 0
      id: Scene View/Camera
      index: 1
      layout: 4
    - dockPosition: 1
      containerId: overlay-container--right
      floating: 0
      collapsed: 0
      displayed: 0
      snapOffset: {x: 0, y: 0}
      snapOffsetDelta: {x: 0, y: 0}
      snapCorner: 0
      id: Scene View/Cloth Constraints
      index: 2
      layout: 4
    - dockPosition: 1
      containerId: overlay-container--right
      floating: 0
      collapsed: 0
      displayed: 0
      snapOffset: {x: 0, y: 0}
      snapOffsetDelta: {x: 0, y: 0}
      snapCorner: 0
      id: Scene View/Cloth Collisions
      index: 3
      layout: 4
    - dockPosition: 1
      containerId: overlay-container--right
      floating: 0
      collapsed: 0
      displayed: 0
      snapOffset: {x: 0, y: 0}
      snapOffsetDelta: {x: 0, y: 0}
      snapCorner: 0
      id: Scene View/Navmesh Display
      index: 4
      layout: 4
    - dockPosition: 1
      containerId: overlay-container--right
      floating: 0
      collapsed: 0
      displayed: 0
      snapOffset: {x: 0, y: 0}
      snapOffsetDelta: {x: 0, y: 0}
      snapCorner: 0
      id: Scene View/Agent Display
      index: 5
      layout: 4
    - dockPosition: 1
      containerId: overlay-container--right
      floating: 0
      collapsed: 0
      displayed: 0
      snapOffset: {x: 0, y: 0}
      snapOffsetDelta: {x: 0, y: 0}
      snapCorner: 0
      id: Scene View/Obstacle Display
      index: 6
      layout: 4
    - dockPosition: 1
      containerId: overlay-container--right
      floating: 0
      collapsed: 0
      displayed: 0
      snapOffset: {x: 0, y: 0}
      snapOffsetDelta: {x: 0, y: 0}
      snapCorner: 0
      id: Scene View/Occlusion Culling
      index: 7
      layout: 4
    - dockPosition: 1
      containerId: overlay-container--right
      floating: 0
      collapsed: 0
      displayed: 0
      snapOffset: {x: 0, y: 0}
      snapOffsetDelta: {x: 0, y: 0}
      snapCorner: 0
      id: Scene View/Physics Debugger
      index: 8
      layout: 4
    - dockPosition: 1
      containerId: overlay-container--right
      floating: 0
      collapsed: 0
      displayed: 0
      snapOffset: {x: 0, y: 0}
      snapOffsetDelta: {x: 0, y: 0}
      snapCorner: 0
      id: Scene View/Scene Visibility
      index: 9
      layout: 4
    - dockPosition: 1
      containerId: overlay-container--right
      floating: 0
      collapsed: 0
      displayed: 0
      snapOffset: {x: 0, y: 0}
      snapOffsetDelta: {x: 0, y: 0}
      snapCorner: 0
      id: Scene View/Particles
      index: 10
      layout: 4
  m_WindowGUID: 4b533feb4120b7544a3b225660fb1e5d
  m_Gizmos: 1
  m_OverrideSceneCullingMask: 6917529027641081856
  m_SceneIsLit: 1
  m_SceneLighting: 1
  m_2DMode: 1
  m_isRotationLocked: 0
  m_PlayAudio: 0
  m_AudioPlay: 0
  m_Position:
    m_Target: {x: 387.08362, y: 211.07808, z: -0.04638499}
    speed: 2
    m_Value: {x: 387.08362, y: 211.07808, z: -0.04638499}
  m_RenderMode: 0
  m_CameraMode:
    drawMode: 0
    name: Shaded
    section: Shading Mode
  m_ValidateTrueMetals: 0
  m_DoValidateTrueMetals: 0
  m_ExposureSliderValue: 0
  m_SceneViewState:
    m_AlwaysRefresh: 0
    showFog: 1
    showSkybox: 1
    showFlares: 1
    showImageEffects: 1
    showParticleSystems: 1
    showVisualEffectGraphs: 1
    m_FxEnabled: 1
  m_Grid:
    xGrid:
      m_Fade:
        m_Target: 0
        speed: 2
        m_Value: 0
      m_Color: {r: 0.5, g: 0.5, b: 0.5, a: 0.4}
      m_Pivot: {x: 0, y: 0, z: 0}
      m_Size: {x: 0, y: 0}
    yGrid:
      m_Fade:
        m_Target: 0
        speed: 2
        m_Value: 0
      m_Color: {r: 0.5, g: 0.5, b: 0.5, a: 0.4}
      m_Pivot: {x: 0, y: 0, z: 0}
      m_Size: {x: 0, y: 0}
    zGrid:
      m_Fade:
        m_Target: 1
        speed: 2
        m_Value: 1
      m_Color: {r: 0.5, g: 0.5, b: 0.5, a: 0.4}
      m_Pivot: {x: 0, y: 0, z: 0}
      m_Size: {x: 1, y: 1}
    m_ShowGrid: 1
    m_GridAxis: 1
    m_gridOpacity: 0.5
  m_Rotation:
    m_Target: {x: 0, y: 0, z: 0, w: 1}
    speed: 2
    m_Value: {x: 0, y: 0, z: 0, w: 1}
  m_Size:
    m_Target: 107.71614
    speed: 2
    m_Value: 107.71614
  m_Ortho:
    m_Target: 1
    speed: 2
    m_Value: 1
  m_CameraSettings:
    m_Speed: 1
    m_SpeedNormalized: 0.5
    m_SpeedMin: 0.01
    m_SpeedMax: 2
    m_EasingEnabled: 1
    m_EasingDuration: 0.4
    m_AccelerationEnabled: 1
    m_FieldOfViewHorizontalOrVertical: 60
    m_NearClip: 0.03
    m_FarClip: 10000
    m_DynamicClip: 1
    m_OcclusionCulling: 0
  m_LastSceneViewRotation: {x: -0.08717229, y: 0.89959055, z: -0.21045254, w: -0.3726226}
  m_LastSceneViewOrtho: 0
  m_ReplacementShader: {fileID: 0}
  m_ReplacementString: 
  m_SceneVisActive: 1
  m_LastLockedObject: {fileID: 0}
  m_ViewIsLockedToObject: 0
--- !u!114 &18
MonoBehaviour:
  m_ObjectHideFlags: 52
  m_CorrespondingSourceObject: {fileID: 0}
  m_PrefabInstance: {fileID: 0}
  m_PrefabAsset: {fileID: 0}
  m_GameObject: {fileID: 0}
  m_Enabled: 1
  m_EditorHideFlags: 1
  m_Script: {fileID: 12061, guid: 0000000000000000e000000000000000, type: 0}
  m_Name: 
  m_EditorClassIdentifier: 
  m_MinSize: {x: 200, y: 200}
  m_MaxSize: {x: 4000, y: 4000}
  m_TitleContent:
    m_Text: Hierarchy
    m_Image: {fileID: 7966133145522015247, guid: 0000000000000000d000000000000000, type: 0}
    m_Tooltip: 
  m_Pos:
    serializedVersion: 2
    x: 784
    y: 73
    width: 258
    height: 459
  m_ViewDataDictionary: {fileID: 0}
  m_OverlayCanvas:
    m_LastAppliedPresetName: Default
    m_SaveData: []
  m_SceneHierarchy:
    m_TreeViewState:
      scrollPos: {x: 0, y: 0}
      m_SelectedIDs: 306d0000
      m_LastClickedID: 27952
      m_ExpandedIDs: 26fbffff0e6d0000266d0000
      m_RenameOverlay:
        m_UserAcceptedRename: 0
        m_Name: Canvas
        m_OriginalName: Canvas
        m_EditFieldRect:
          serializedVersion: 2
          x: 0
          y: 0
          width: 0
          height: 0
        m_UserData: 27942
        m_IsWaitingForDelay: 0
        m_IsRenaming: 0
        m_OriginalEventType: 0
        m_IsRenamingFilename: 0
        m_ClientGUIView: {fileID: 11}
      m_SearchString: 
    m_ExpandedScenes: []
    m_CurrenRootInstanceID: 0
    m_LockTracker:
      m_IsLocked: 0
    m_CurrentSortingName: TransformSorting
  m_WindowGUID: f8a2d1b21a498f94fb2cc58a751946ab
--- !u!114 &19
MonoBehaviour:
  m_ObjectHideFlags: 52
  m_CorrespondingSourceObject: {fileID: 0}
  m_PrefabInstance: {fileID: 0}
  m_PrefabAsset: {fileID: 0}
  m_GameObject: {fileID: 0}
  m_Enabled: 1
  m_EditorHideFlags: 0
  m_Script: {fileID: 12014, guid: 0000000000000000e000000000000000, type: 0}
  m_Name: 
  m_EditorClassIdentifier: 
  m_MinSize: {x: 230, y: 250}
  m_MaxSize: {x: 10000, y: 10000}
  m_TitleContent:
    m_Text: Project
    m_Image: {fileID: -5467254957812901981, guid: 0000000000000000d000000000000000, type: 0}
    m_Tooltip: 
  m_Pos:
    serializedVersion: 2
    x: 1168
    y: 73
    width: 381
    height: 605
  m_ViewDataDictionary: {fileID: 0}
  m_OverlayCanvas:
    m_LastAppliedPresetName: Default
    m_SaveData: []
  m_SearchFilter:
    m_NameFilter: 
    m_ClassNames: []
    m_AssetLabels: []
    m_AssetBundleNames: []
    m_VersionControlStates: []
    m_SoftLockControlStates: []
    m_ReferencingInstanceIDs: 
    m_SceneHandles: 
    m_ShowAllHits: 0
    m_SkipHidden: 0
    m_SearchArea: 1
    m_Folders:
    - Assets/Scenes
    m_Globs: []
    m_OriginalText: 
  m_ViewMode: 0
  m_StartGridSize: 96
  m_LastFolders:
  - Assets
  m_LastFoldersGridSize: 96
  m_LastProjectPath: D:\User\Documents\Urd\UdrProject
  m_LockTracker:
    m_IsLocked: 0
  m_FolderTreeState:
    scrollPos: {x: 0, y: 0}
    m_SelectedIDs: a26b0000
    m_LastClickedID: 27554
    m_ExpandedIDs: 00000000086f00000a6f00000c6f00000e6f0000106f0000126f0000146f0000166f0000186f00001a6f00001c6f00001e6f0000206f0000226f0000246f0000266f0000286f00002a6f00002c6f00002e6f0000306f0000326f0000346f0000366f0000386f00003a6f00003c6f00003e6f0000
    m_RenameOverlay:
      m_UserAcceptedRename: 0
      m_Name: 
      m_OriginalName: 
      m_EditFieldRect:
        serializedVersion: 2
        x: 0
        y: 0
        width: 0
        height: 0
      m_UserData: 0
      m_IsWaitingForDelay: 0
      m_IsRenaming: 0
      m_OriginalEventType: 11
      m_IsRenamingFilename: 1
      m_ClientGUIView: {fileID: 0}
    m_SearchString: 
    m_CreateAssetUtility:
      m_EndAction: {fileID: 0}
      m_InstanceID: 0
      m_Path: 
      m_Icon: {fileID: 0}
      m_ResourceFile: 
  m_AssetTreeState:
    scrollPos: {x: 0, y: 0}
    m_SelectedIDs: 926d0000
    m_LastClickedID: 0
    m_ExpandedIDs: 00000000086f00000a6f00000c6f00000e6f0000106f0000126f0000146f0000166f0000186f00001a6f00001c6f00001e6f0000206f0000226f0000246f0000266f0000286f00002a6f00002c6f00002e6f0000306f0000326f0000346f0000366f0000386f00003a6f00003c6f00003e6f0000
    m_RenameOverlay:
      m_UserAcceptedRename: 0
      m_Name: 
      m_OriginalName: 
      m_EditFieldRect:
        serializedVersion: 2
        x: 0
        y: 0
        width: 0
        height: 0
      m_UserData: 0
      m_IsWaitingForDelay: 0
      m_IsRenaming: 0
      m_OriginalEventType: 11
      m_IsRenamingFilename: 1
      m_ClientGUIView: {fileID: 0}
    m_SearchString: 
    m_CreateAssetUtility:
      m_EndAction: {fileID: 0}
      m_InstanceID: 0
      m_Path: 
      m_Icon: {fileID: 0}
      m_ResourceFile: 
  m_ListAreaState:
    m_SelectedInstanceIDs: 926d0000
    m_LastClickedInstanceID: 28050
    m_HadKeyboardFocusLastEvent: 0
    m_ExpandedInstanceIDs: 
    m_RenameOverlay:
      m_UserAcceptedRename: 0
      m_Name: 
      m_OriginalName: 
      m_EditFieldRect:
        serializedVersion: 2
        x: 0
        y: 0
        width: 0
        height: 0
      m_UserData: 0
      m_IsWaitingForDelay: 0
      m_IsRenaming: 0
      m_OriginalEventType: 11
      m_IsRenamingFilename: 1
      m_ClientGUIView: {fileID: 0}
    m_CreateAssetUtility:
      m_EndAction: {fileID: 0}
      m_InstanceID: 0
      m_Path: 
      m_Icon: {fileID: 0}
      m_ResourceFile: 
    m_NewAssetIndexInList: -1
    m_ScrollPosition: {x: 0, y: 0}
    m_GridSize: 96
  m_SkipHiddenPackages: 0
  m_DirectoriesAreaWidth: 200
--- !u!114 &20
MonoBehaviour:
  m_ObjectHideFlags: 52
  m_CorrespondingSourceObject: {fileID: 0}
  m_PrefabInstance: {fileID: 0}
  m_PrefabAsset: {fileID: 0}
  m_GameObject: {fileID: 0}
  m_Enabled: 1
  m_EditorHideFlags: 0
  m_Script: {fileID: 12019, guid: 0000000000000000e000000000000000, type: 0}
  m_Name: 
  m_EditorClassIdentifier: 
  m_MinSize: {x: 275, y: 100}
  m_MaxSize: {x: 4000, y: 4000}
  m_TitleContent:
    m_Text: Inspector
    m_Image: {fileID: -2667387946076563598, guid: 0000000000000000d000000000000000, type: 0}
    m_Tooltip: 
  m_Pos:
    serializedVersion: 2
    x: 1119
    y: 73
    width: 630
    height: 520
  m_ViewDataDictionary: {fileID: 0}
  m_OverlayCanvas:
    m_LastAppliedPresetName: Default
    m_SaveData: []
  m_ObjectsLockedBeforeSerialization: []
  m_InstanceIDsLockedBeforeSerialization: 
  m_PreviewResizer:
    m_CachedPref: 1
    m_ControlHash: 1412526313
    m_PrefName: Preview_InspectorPreview
  m_LastInspectedObjectInstanceID: 27952
  m_LastVerticalScrollValue: 0
  m_GlobalObjectId: 
  m_InspectorMode: 0
  m_LockTracker:
    m_IsLocked: 0
  m_PreviewWindow: {fileID: 0}
--- !u!114 &21
MonoBehaviour:
  m_ObjectHideFlags: 52
  m_CorrespondingSourceObject: {fileID: 0}
  m_PrefabInstance: {fileID: 0}
  m_PrefabAsset: {fileID: 0}
  m_GameObject: {fileID: 0}
  m_Enabled: 1
  m_EditorHideFlags: 1
  m_Script: {fileID: 12014, guid: 0000000000000000e000000000000000, type: 0}
  m_Name: 
  m_EditorClassIdentifier: 
  m_MinSize: {x: 230, y: 250}
  m_MaxSize: {x: 10000, y: 10000}
  m_TitleContent:
    m_Text: Project
    m_Image: {fileID: -5467254957812901981, guid: 0000000000000000d000000000000000, type: 0}
    m_Tooltip: 
  m_Pos:
    serializedVersion: 2
    x: 1044
    y: 73
    width: 490
    height: 459
  m_ViewDataDictionary: {fileID: 0}
  m_OverlayCanvas:
    m_LastAppliedPresetName: Default
    m_SaveData: []
  m_SearchFilter:
    m_NameFilter: 
    m_ClassNames: []
    m_AssetLabels: []
    m_AssetBundleNames: []
    m_VersionControlStates: []
    m_SoftLockControlStates: []
    m_ReferencingInstanceIDs: 
    m_SceneHandles: 
    m_ShowAllHits: 0
    m_SkipHidden: 0
    m_SearchArea: 1
    m_Folders:
    - Assets/Scripts/Services/LocalizationService/Resources
    m_Globs: []
    m_OriginalText: 
  m_ViewMode: 0
  m_StartGridSize: 16
  m_LastFolders:
  - Assets
  m_LastFoldersGridSize: -1
  m_LastProjectPath: D:\User\Documents\Urd\UdrProject
  m_LockTracker:
    m_IsLocked: 0
  m_FolderTreeState:
    scrollPos: {x: 0, y: 0}
    m_SelectedIDs: a26b0000
    m_LastClickedID: 27554
    m_ExpandedIDs: 00000000086f00000a6f00000c6f00000e6f0000106f0000126f0000146f0000166f0000186f00001a6f00001c6f00001e6f0000206f0000226f0000246f0000266f0000286f00002a6f00002c6f00002e6f0000306f0000326f0000346f0000366f0000386f00003a6f00003c6f00003e6f0000
    m_RenameOverlay:
      m_UserAcceptedRename: 0
      m_Name: 
      m_OriginalName: 
      m_EditFieldRect:
        serializedVersion: 2
        x: 0
        y: 0
        width: 0
        height: 0
      m_UserData: 0
      m_IsWaitingForDelay: 0
      m_IsRenaming: 0
      m_OriginalEventType: 11
      m_IsRenamingFilename: 1
      m_ClientGUIView: {fileID: 0}
    m_SearchString: 
    m_CreateAssetUtility:
      m_EndAction: {fileID: 0}
      m_InstanceID: 0
      m_Path: 
      m_Icon: {fileID: 0}
      m_ResourceFile: 
  m_AssetTreeState:
    scrollPos: {x: 0, y: 0}
    m_SelectedIDs: 
    m_LastClickedID: 0
    m_ExpandedIDs: ffffffff00000000086f00000a6f00000c6f00000e6f0000106f0000126f0000146f0000166f0000186f00001a6f00001c6f00001e6f0000206f0000226f0000246f0000266f0000286f00002a6f00002c6f00002e6f0000306f0000326f0000346f0000366f0000386f00003a6f00003c6f00003e6f0000
    m_RenameOverlay:
      m_UserAcceptedRename: 0
      m_Name: Spanish
      m_OriginalName: Spanish
      m_EditFieldRect:
        serializedVersion: 2
        x: 0
        y: 0
        width: 0
        height: 0
      m_UserData: 28864
      m_IsWaitingForDelay: 0
      m_IsRenaming: 0
      m_OriginalEventType: 0
      m_IsRenamingFilename: 1
      m_ClientGUIView: {fileID: 12}
    m_SearchString: 
    m_CreateAssetUtility:
      m_EndAction: {fileID: 0}
      m_InstanceID: 0
      m_Path: 
      m_Icon: {fileID: 0}
      m_ResourceFile: 
  m_ListAreaState:
    m_SelectedInstanceIDs: 
    m_LastClickedInstanceID: 0
    m_HadKeyboardFocusLastEvent: 0
    m_ExpandedInstanceIDs: 
    m_RenameOverlay:
      m_UserAcceptedRename: 0
      m_Name: 
      m_OriginalName: 
      m_EditFieldRect:
        serializedVersion: 2
        x: 0
        y: 0
        width: 0
        height: 0
      m_UserData: 0
      m_IsWaitingForDelay: 0
      m_IsRenaming: 0
      m_OriginalEventType: 11
      m_IsRenamingFilename: 1
      m_ClientGUIView: {fileID: 0}
    m_CreateAssetUtility:
      m_EndAction: {fileID: 0}
      m_InstanceID: 0
      m_Path: 
      m_Icon: {fileID: 0}
      m_ResourceFile: 
    m_NewAssetIndexInList: -1
    m_ScrollPosition: {x: 0, y: 146}
    m_GridSize: 16
  m_SkipHiddenPackages: 0
  m_DirectoriesAreaWidth: 115
--- !u!114 &22
MonoBehaviour:
  m_ObjectHideFlags: 52
  m_CorrespondingSourceObject: {fileID: 0}
  m_PrefabInstance: {fileID: 0}
  m_PrefabAsset: {fileID: 0}
  m_GameObject: {fileID: 0}
  m_Enabled: 1
  m_EditorHideFlags: 0
  m_Script: {fileID: 12003, guid: 0000000000000000e000000000000000, type: 0}
  m_Name: 
  m_EditorClassIdentifier: 
  m_MinSize: {x: 100, y: 100}
  m_MaxSize: {x: 4000, y: 4000}
  m_TitleContent:
    m_Text: Console
    m_Image: {fileID: -4327648978806127646, guid: 0000000000000000d000000000000000, type: 0}
    m_Tooltip: 
  m_Pos:
    serializedVersion: 2
    x: 784
    y: 553
    width: 750
    height: 438
  m_ViewDataDictionary: {fileID: 0}
  m_OverlayCanvas:
    m_LastAppliedPresetName: Default
    m_SaveData: []
--- !u!114 &23
MonoBehaviour:
  m_ObjectHideFlags: 52
  m_CorrespondingSourceObject: {fileID: 0}
  m_PrefabInstance: {fileID: 0}
  m_PrefabAsset: {fileID: 0}
  m_GameObject: {fileID: 0}
  m_Enabled: 1
  m_EditorHideFlags: 0
  m_Script: {fileID: 13401, guid: 0000000000000000e000000000000000, type: 0}
  m_Name: 
  m_EditorClassIdentifier: 
  m_MinSize: {x: 100, y: 100}
  m_MaxSize: {x: 4000, y: 4000}
  m_TitleContent:
    m_Text: Test Runner
    m_Image: {fileID: 0}
    m_Tooltip: 
  m_Pos:
    serializedVersion: 2
    x: 784
    y: 533
    width: 1264
    height: 458
  m_ViewDataDictionary: {fileID: 0}
  m_OverlayCanvas:
    m_LastAppliedPresetName: Default
    m_SaveData: []
  m_Spl:
    ID: 143
    splitterInitialOffset: 364
    currentActiveSplitter: -1
    realSizes:
    - 238
    - 150
    relativeSizes:
    - 0.6129707
    - 0.3870293
    minSizes:
    - 32
    - 32
    maxSizes:
    - 0
    - 0
    lastTotalSize: 388
    splitSize: 6
    xOffset: 0
    m_Version: 1
    oldRealSizes: 
    oldMinSizes: 
    oldMaxSizes: 
    oldSplitSize: 0
  m_TestTypeToolbarIndex: 1
  m_PlayModeTestListGUI:
    m_Window: {fileID: 23}
    m_NewResultList:
    - id: 1023
      uniqueId: '[Udr][suite]'
      name: Udr
      fullName: Udr
      resultStatus: 1
      duration: 1.3733188
      messages: 
      output: 
      stacktrace: 
      notRunnable: 0
      ignoredOrSkipped: 0
      description: 
      isSuite: 1
      categories: []
      parentId: 
      parentUniqueId: 
    - id: 1010
      uniqueId: '[TestsPlayMode.dll][suite]'
      name: TestsPlayMode.dll
      fullName: D:/User/Documents/Urd/UdrProject/Library/ScriptAssemblies/TestsPlayMode.dll
      resultStatus: 1
      duration: 1.0843381
      messages: 
      output: 
      stacktrace: 
      notRunnable: 0
      ignoredOrSkipped: 0
      description: 
      isSuite: 1
      categories: []
      parentId: 1000
      parentUniqueId: '[Udr][suite]'
    - id: 1011
      uniqueId: TestsPlayMode.dll/[Urd][suite]
      name: Urd
      fullName: Urd
      resultStatus: 1
      duration: 1.072929
      messages: 
      output: 
      stacktrace: 
      notRunnable: 0
      ignoredOrSkipped: 0
      description: 
      isSuite: 1
      categories: []
      parentId: 1010
      parentUniqueId: '[TestsPlayMode.dll][suite]'
    - id: 1012
      uniqueId: TestsPlayMode.dll/Urd/[TestsPlayMode][Urd.Test][suite]
      name: Test
      fullName: Urd.Test
      resultStatus: 1
      duration: 1.0679613
      messages: 
      output: 
      stacktrace: 
      notRunnable: 0
      ignoredOrSkipped: 0
      description: 
      isSuite: 1
      categories: []
      parentId: 1011
      parentUniqueId: TestsPlayMode.dll/[Urd][suite]
    - id: 1001
      uniqueId: TestsPlayMode.dll/Urd/Test/[TestsPlayMode][Urd.Test.TestCoroutineService][suite]
      name: TestCoroutineService
      fullName: Urd.Test.TestCoroutineService
      resultStatus: 1
      duration: 0.4504098
      messages: 
      output: 
      stacktrace: 
      notRunnable: 0
      ignoredOrSkipped: 0
      description: 
      isSuite: 1
      categories: []
      parentId: 1012
      parentUniqueId: TestsPlayMode.dll/Urd/[TestsPlayMode][Urd.Test][suite]
    - id: 1002
      uniqueId: TestsPlayMode.dll/Urd/Test/TestCoroutineService/[TestsPlayMode][Urd.Test.TestCoroutineService.CoroutineService_StartCoroutine_Success]
      name: CoroutineService_StartCoroutine_Success
      fullName: Urd.Test.TestCoroutineService.CoroutineService_StartCoroutine_Success
      resultStatus: 1
      duration: 0.042042
      messages: 
      output: 
      stacktrace: 
      notRunnable: 0
      ignoredOrSkipped: 0
      description: 
      isSuite: 0
      categories:
      - Uncategorized
      parentId: 1001
      parentUniqueId: TestsPlayMode.dll/Urd/Test/[TestsPlayMode][Urd.Test.TestCoroutineService][suite]
    - id: 1004
      uniqueId: TestsPlayMode.dll/Urd/Test/TestCoroutineService/[TestsPlayMode][Urd.Test.TestCoroutineService.CoroutineService_StartCoroutineWait_Failed]
      name: CoroutineService_StartCoroutineWait_Failed
      fullName: Urd.Test.TestCoroutineService.CoroutineService_StartCoroutineWait_Failed
      resultStatus: 1
      duration: 0.1217885
      messages: 
      output: 
      stacktrace: 
      notRunnable: 0
      ignoredOrSkipped: 0
      description: 
      isSuite: 0
      categories:
      - Uncategorized
      parentId: 1001
      parentUniqueId: TestsPlayMode.dll/Urd/Test/[TestsPlayMode][Urd.Test.TestCoroutineService][suite]
    - id: 1003
      uniqueId: TestsPlayMode.dll/Urd/Test/TestCoroutineService/[TestsPlayMode][Urd.Test.TestCoroutineService.CoroutineService_StartCoroutineWait_Success]
      name: CoroutineService_StartCoroutineWait_Success
      fullName: Urd.Test.TestCoroutineService.CoroutineService_StartCoroutineWait_Success
      resultStatus: 1
      duration: 0.2180136
      messages: 
      output: 
      stacktrace: 
      notRunnable: 0
      ignoredOrSkipped: 0
      description: 
      isSuite: 0
      categories:
      - Uncategorized
      parentId: 1001
      parentUniqueId: TestsPlayMode.dll/Urd/Test/[TestsPlayMode][Urd.Test.TestCoroutineService][suite]
    - id: 1007
      uniqueId: TestsPlayMode.dll/Urd/Test/TestCoroutineService/[TestsPlayMode][Urd.Test.TestCoroutineService.CoroutineService_StopAllCoroutine_Success]
      name: CoroutineService_StopAllCoroutine_Success
      fullName: Urd.Test.TestCoroutineService.CoroutineService_StopAllCoroutine_Success
      resultStatus: 1
      duration: 0.0181707
      messages: 
      output: 
      stacktrace: 
      notRunnable: 0
      ignoredOrSkipped: 0
      description: 
      isSuite: 0
      categories:
      - Uncategorized
      parentId: 1001
      parentUniqueId: TestsPlayMode.dll/Urd/Test/[TestsPlayMode][Urd.Test.TestCoroutineService][suite]
    - id: 1006
      uniqueId: TestsPlayMode.dll/Urd/Test/TestCoroutineService/[TestsPlayMode][Urd.Test.TestCoroutineService.CoroutineService_StopCoroutine_Success]
      name: CoroutineService_StopCoroutine_Success
      fullName: Urd.Test.TestCoroutineService.CoroutineService_StopCoroutine_Success
      resultStatus: 1
      duration: 0.0170626
      messages: 
      output: 
      stacktrace: 
      notRunnable: 0
      ignoredOrSkipped: 0
      description: 
      isSuite: 0
      categories:
      - Uncategorized
      parentId: 1001
      parentUniqueId: TestsPlayMode.dll/Urd/Test/[TestsPlayMode][Urd.Test.TestCoroutineService][suite]
    - id: 1007
      uniqueId: TestsPlayMode.dll/Urd/Test/[TestsPlayMode][Urd.Test.TestNetworkService][suite]
      name: TestNetworkService
      fullName: Urd.Test.TestNetworkService
      resultStatus: 1
      duration: 0.2686104
      messages: 
      output: 
      stacktrace: 
      notRunnable: 0
      ignoredOrSkipped: 0
      description: 
      isSuite: 1
      categories: []
      parentId: 1013
      parentUniqueId: TestsPlayMode.dll/Urd/[TestsPlayMode][Urd.Test][suite]
    - id: 1009
      uniqueId: TestsPlayMode.dll/Urd/Test/TestNetworkService/[TestsPlayMode][Urd.Test.TestNetworkService.NetworkService_Request_Failed]
      name: NetworkService_Request_Failed
      fullName: Urd.Test.TestNetworkService.NetworkService_Request_Failed
      resultStatus: 1
      duration: 0.0612092
      messages: 
      output: 
      stacktrace: 
      notRunnable: 0
      ignoredOrSkipped: 0
      description: 
      isSuite: 0
      categories:
      - Uncategorized
      parentId: 1007
      parentUniqueId: TestsPlayMode.dll/Urd/Test/[TestsPlayMode][Urd.Test.TestNetworkService][suite]
    - id: 1008
      uniqueId: TestsPlayMode.dll/Urd/Test/TestNetworkService/[TestsPlayMode][Urd.Test.TestNetworkService.NetworkService_Request_Success]
      name: NetworkService_Request_Success
      fullName: Urd.Test.TestNetworkService.NetworkService_Request_Success
      resultStatus: 1
      duration: 0.199064
      messages: 
      output: 
      stacktrace: 
      notRunnable: 0
      ignoredOrSkipped: 0
      description: 
      isSuite: 0
      categories:
      - Uncategorized
      parentId: 1007
      parentUniqueId: TestsPlayMode.dll/Urd/Test/[TestsPlayMode][Urd.Test.TestNetworkService][suite]
    - id: 1047
      uniqueId: TestsPlayMode.dll/Urd/Test/[TestsPlayMode][Urd.Test.TestRemoteConfigurationService][suite]
      name: TestRemoteConfigurationService
      fullName: Urd.Test.TestRemoteConfigurationService
      resultStatus: 1
      duration: 0.3132585
      messages: 
      output: 
      stacktrace: 
      notRunnable: 0
      ignoredOrSkipped: 0
      description: 
      isSuite: 1
      categories: []
      parentId: 1053
      parentUniqueId: TestsPlayMode.dll/Urd/[TestsPlayMode][Urd.Test][suite]
    - id: 1048
      uniqueId: TestsPlayMode.dll/Urd/Test/TestRemoteConfigurationService/[TestsPlayMode][Urd.Test.TestRemoteConfigurationService.RemoteConfigurationService_FetchData_Success]
      name: RemoteConfigurationService_FetchData_Success
      fullName: Urd.Test.TestRemoteConfigurationService.RemoteConfigurationService_FetchData_Success
      resultStatus: 1
      duration: 0.2260552
      messages: 
      output: 
      stacktrace: 
      notRunnable: 0
      ignoredOrSkipped: 0
      description: 
      isSuite: 0
      categories:
      - Uncategorized
      parentId: 1047
      parentUniqueId: TestsPlayMode.dll/Urd/Test/[TestsPlayMode][Urd.Test.TestRemoteConfigurationService][suite]
    - id: 1012
      uniqueId: TestsPlayMode.dll/Urd/Test/TestRemoteConfigurationService/[TestsPlayMode][Urd.Test.TestRemoteConfigurationService.RemoteConfigurationService_GetDataBool_Success]
      name: RemoteConfigurationService_GetDataBool_Success
      fullName: Urd.Test.TestRemoteConfigurationService.RemoteConfigurationService_GetDataBool_Success
      resultStatus: 1
      duration: 0.0167191
      messages: 
      output: 
      stacktrace: 
      notRunnable: 0
      ignoredOrSkipped: 0
      description: 
      isSuite: 0
      categories:
      - Uncategorized
      parentId: 1010
      parentUniqueId: TestsPlayMode.dll/Urd/Test/[TestsPlayMode][Urd.Test.TestRemoteConfigurationService][suite]
    - id: 1016
      uniqueId: TestsPlayMode.dll/Urd/Test/TestRemoteConfigurationService/[TestsPlayMode][Urd.Test.TestRemoteConfigurationService.RemoteConfigurationService_GetDataDictionary_Success]
      name: RemoteConfigurationService_GetDataDictionary_Success
      fullName: Urd.Test.TestRemoteConfigurationService.RemoteConfigurationService_GetDataDictionary_Success
      resultStatus: 1
      duration: 0.0282902
      messages: 
      output: 
      stacktrace: 
      notRunnable: 0
      ignoredOrSkipped: 0
      description: 
      isSuite: 0
      categories:
      - Uncategorized
      parentId: 1010
      parentUniqueId: TestsPlayMode.dll/Urd/Test/[TestsPlayMode][Urd.Test.TestRemoteConfigurationService][suite]
    - id: 1014
      uniqueId: TestsPlayMode.dll/Urd/Test/TestRemoteConfigurationService/[TestsPlayMode][Urd.Test.TestRemoteConfigurationService.RemoteConfigurationService_GetDataFloat_Success]
      name: RemoteConfigurationService_GetDataFloat_Success
      fullName: Urd.Test.TestRemoteConfigurationService.RemoteConfigurationService_GetDataFloat_Success
      resultStatus: 1
      duration: 0.0161291
      messages: 
      output: 
      stacktrace: 
      notRunnable: 0
      ignoredOrSkipped: 0
      description: 
      isSuite: 0
      categories:
      - Uncategorized
      parentId: 1010
      parentUniqueId: TestsPlayMode.dll/Urd/Test/[TestsPlayMode][Urd.Test.TestRemoteConfigurationService][suite]
    - id: 1013
      uniqueId: TestsPlayMode.dll/Urd/Test/TestRemoteConfigurationService/[TestsPlayMode][Urd.Test.TestRemoteConfigurationService.RemoteConfigurationService_GetDataInt_Success]
      name: RemoteConfigurationService_GetDataInt_Success
      fullName: Urd.Test.TestRemoteConfigurationService.RemoteConfigurationService_GetDataInt_Success
      resultStatus: 1
      duration: 0.0149198
      messages: 
      output: 
      stacktrace: 
      notRunnable: 0
      ignoredOrSkipped: 0
      description: 
      isSuite: 0
      categories:
      - Uncategorized
      parentId: 1010
      parentUniqueId: TestsPlayMode.dll/Urd/Test/[TestsPlayMode][Urd.Test.TestRemoteConfigurationService][suite]
    - id: 1008
      uniqueId: TestsPlayMode.dll/Urd/Test/[TestsPlayMode][Urd.Test.TestUnityService][suite]
      name: TestUnityService
      fullName: Urd.Test.TestUnityService
      resultStatus: 1
      duration: 0.02557
      messages: 
      output: 
      stacktrace: 
      notRunnable: 0
      ignoredOrSkipped: 0
      description: 
      isSuite: 1
      categories: []
      parentId: 1012
      parentUniqueId: TestsPlayMode.dll/Urd/[TestsPlayMode][Urd.Test][suite]
    - id: 1009
      uniqueId: TestsPlayMode.dll/Urd/Test/TestUnityService/[TestsPlayMode][Urd.Test.TestUnityService.UnityService_SetGamePause_Success]
      name: UnityService_SetGamePause_Success
      fullName: Urd.Test.TestUnityService.UnityService_SetGamePause_Success
      resultStatus: 1
      duration: 0.018191
      messages: 
      output: 
      stacktrace: 
      notRunnable: 0
      ignoredOrSkipped: 0
      description: 
      isSuite: 0
      categories:
      - Uncategorized
      parentId: 1008
      parentUniqueId: TestsPlayMode.dll/Urd/Test/[TestsPlayMode][Urd.Test.TestUnityService][suite]
    m_ResultText: Udr (1.373s)
    m_ResultStacktrace: 
    m_TestListState:
      scrollPos: {x: 0, y: 0}
      m_SelectedIDs: 11ee18c1
      m_LastClickedID: -1055330799
      m_ExpandedIDs: d97b7c8d11ee18c14e33fac541a0c0d37cdff5dcb8a88b5ee0e729604a63d36bffffff7f
      m_RenameOverlay:
        m_UserAcceptedRename: 0
        m_Name: 
        m_OriginalName: 
        m_EditFieldRect:
          serializedVersion: 2
          x: 0
          y: 0
          width: 0
          height: 0
        m_UserData: 0
        m_IsWaitingForDelay: 0
        m_IsRenaming: 0
        m_OriginalEventType: 11
        m_IsRenamingFilename: 0
        m_ClientGUIView: {fileID: 0}
      m_SearchString: 
    m_TestRunnerUIFilter:
      PassedHidden: 0
      FailedHidden: 0
      NotRunHidden: 0
      m_SearchString: 
      selectedCategoryMask: 0
      availableCategories:
      - Uncategorized
    m_SelectedOption: 0
  m_EditModeTestListGUI:
    m_Window: {fileID: 23}
    m_NewResultList:
    - id: 1000
      uniqueId: '[Udr][suite]'
      name: Udr
      fullName: Udr
      resultStatus: 1
      duration: 0.0371249
      messages: 
      output: 
      stacktrace: 
      notRunnable: 0
      ignoredOrSkipped: 0
      description: 
      isSuite: 1
      categories: []
      parentId: 
      parentUniqueId: 
    - id: 1022
      uniqueId: '[TestsEditorMode.dll][suite]'
      name: TestsEditorMode.dll
      fullName: D:/User/Documents/Urd/UdrProject/Library/ScriptAssemblies/TestsEditorMode.dll
      resultStatus: 1
      duration: 0.0110146
      messages: 
      output: 
      stacktrace: 
      notRunnable: 0
      ignoredOrSkipped: 0
      description: 
      isSuite: 1
      categories: []
      parentId: 1000
      parentUniqueId: '[Udr][suite]'
    - id: 1023
      uniqueId: TestsEditorMode.dll/[Urd][suite]
      name: Urd
      fullName: Urd
      resultStatus: 1
      duration: 0.009998
      messages: 
      output: 
      stacktrace: 
      notRunnable: 0
      ignoredOrSkipped: 0
      description: 
      isSuite: 1
      categories: []
      parentId: 1022
      parentUniqueId: '[TestsEditorMode.dll][suite]'
    - id: 1024
      uniqueId: TestsEditorMode.dll/Urd/[TestsEditorMode][Urd.Test][suite]
      name: Test
      fullName: Urd.Test
      resultStatus: 1
      duration: 0.0091403
      messages: 
      output: 
      stacktrace: 
      notRunnable: 0
      ignoredOrSkipped: 0
      description: 
      isSuite: 1
      categories: []
      parentId: 1023
      parentUniqueId: TestsEditorMode.dll/[Urd][suite]
    - id: 1017
      uniqueId: TestsEditorMode.dll/Urd/Test/[TestsEditorMode][Urd.Test.TestCacheService][suite]
      name: TestCacheService
      fullName: Urd.Test.TestCacheService
      resultStatus: 1
      duration: 0.0882152
      messages: 
      output: 
      stacktrace: 
      notRunnable: 0
      ignoredOrSkipped: 0
      description: 
      isSuite: 1
      categories: []
      parentId: 1042
      parentUniqueId: TestsEditorMode.dll/Urd/[TestsEditorMode][Urd.Test][suite]
    - id: 1005
      uniqueId: TestsEditorMode.dll/Urd/Test/TestCacheService/[TestsEditorMode][Urd.Test.TestCacheService.CacheService_LoadCache_Failed]
      name: CacheService_LoadCache_Failed
      fullName: Urd.Test.TestCacheService.CacheService_LoadCache_Failed
      resultStatus: 1
      duration: 0.0736198
      messages: 
      output: 
      stacktrace: 
      notRunnable: 0
      ignoredOrSkipped: 0
      description: 
      isSuite: 0
      categories:
      - Uncategorized
      parentId: 1001
      parentUniqueId: TestsEditorMode.dll/Urd/Test/[TestsEditorMode][Urd.Test.TestCacheService][suite]
    - id: 1004
      uniqueId: TestsEditorMode.dll/Urd/Test/TestCacheService/[TestsEditorMode][Urd.Test.TestCacheService.CacheService_LoadCache_Success]
      name: CacheService_LoadCache_Success
      fullName: Urd.Test.TestCacheService.CacheService_LoadCache_Success
      resultStatus: 1
      duration: 0.0911663
      messages: 
      output: "[CacheService] Error while try to save cache in path ArbitraryKey
        with value {\"arbitraryInt\":5,\"arbitraryString\":\"string\"}. Error: System.NotImplementedException:
        The method or operation is not implemented.\r\n  at Urd.Services.Cache.CacheModelRaw.SetLoadedValue
        (System.String textValue) [0x00001] in D:\\User\\Documents\\Urd\\UdrProject\\Assets\\Scripts\\Services\\CacheService\\CacheModel\\CacheModelRaw.cs:48
        \r\n  at Urd.Services.CacheService.LoadCache (Urd.Services.Cache.CacheModelRaw
        cacheModel, System.Action`1[T] onCacheLoadedSuccess, System.Action`1[T] onCacheLoadedFailed)
        [0x00011] in D:\\User\\Documents\\Urd\\UdrProject\\Assets\\Scripts\\Services\\CacheService\\CacheService.cs:49
        \r\n"
      stacktrace: 
      notRunnable: 0
      ignoredOrSkipped: 0
      description: 
      isSuite: 0
      categories:
      - Uncategorized
      parentId: 1001
      parentUniqueId: TestsEditorMode.dll/Urd/Test/[TestsEditorMode][Urd.Test.TestCacheService][suite]
    - id: 1005
      uniqueId: TestsEditorMode.dll/Urd/Test/TestCacheService/[TestsEditorMode][Urd.Test.TestCacheService.CacheService_LoadCacheRaw_Failed]
      name: CacheService_LoadCacheRaw_Failed
      fullName: Urd.Test.TestCacheService.CacheService_LoadCacheRaw_Failed
      resultStatus: 1
      duration: 0.0015624
      messages: 
      output: "[CacheService] Error while try to save cache in path \n with value
        . Error: System.ArgumentException: Name has invalid chars\r\n  at System.IO.FileStream..ctor
        (System.String path, System.IO.FileMode mode, System.IO.FileAccess access,
        System.IO.FileShare share, System.Int32 bufferSize, System.Boolean anonymous,
        System.IO.FileOptions options) [0x000ae] in <9aad1b3a47484d63ba2b3985692d80e9>:0
        \r\n  at System.IO.FileStream..ctor (System.String path, System.IO.FileMode
        mode, System.IO.FileAccess access, System.IO.FileShare share, System.Int32
        bufferSize, System.IO.FileOptions options) [0x00000] in <9aad1b3a47484d63ba2b3985692d80e9>:0
        \r\n  at (wrapper remoting-invoke-with-check) System.IO.FileStream..ctor(string,System.IO.FileMode,System.IO.FileAccess,System.IO.FileShare,int,System.IO.FileOptions)\r\n 
        at System.IO.StreamWriter..ctor (System.String path, System.Boolean append,
        System.Text.Encoding encoding, System.Int32 bufferSize) [0x00055] in <9aad1b3a47484d63ba2b3985692d80e9>:0
        \r\n  at System.IO.StreamWriter..ctor (System.String path) [0x00008] in <9aad1b3a47484d63ba2b3985692d80e9>:0
        \r\n  at (wrapper remoting-invoke-with-check) System.IO.StreamWriter..ctor(string)\r\n 
        at System.IO.File.WriteAllText (System.String path, System.String contents)
        [0x00026] in <9aad1b3a47484d63ba2b3985692d80e9>:0 \r\n  at Urd.Services.CacheService.SaveCacheInternal
        (Urd.Services.Cache.CacheModelRaw cacheModel, System.Action`1[T] onCacheSavedSuccess,
        System.Action`1[T] onCacheSavedFailed) [0x0000a] in D:\\User\\Documents\\Urd\\UdrProject\\Assets\\Scripts\\Services\\CacheService\\CacheService.cs:24
        \r\n"
      stacktrace: 
      notRunnable: 0
      ignoredOrSkipped: 0
      description: 
      isSuite: 0
      categories:
      - Uncategorized
      parentId: 1001
      parentUniqueId: TestsEditorMode.dll/Urd/Test/[TestsEditorMode][Urd.Test.TestCacheService][suite]
    - id: 1004
      uniqueId: TestsEditorMode.dll/Urd/Test/TestCacheService/[TestsEditorMode][Urd.Test.TestCacheService.CacheService_LoadCacheRaw_Success]
      name: CacheService_LoadCacheRaw_Success
      fullName: Urd.Test.TestCacheService.CacheService_LoadCacheRaw_Success
      resultStatus: 1
      duration: 0.0118318
      messages: 
      output: "[CacheService] Error while try to save cache in path ArbitraryKey
        with value . Error: System.NotImplementedException: The method or operation
        is not implemented.\r\n  at Urd.Services.Cache.CacheModelRaw.SetLoadedValue
        (System.String textValue) [0x00001] in D:\\User\\Documents\\Urd\\UdrProject\\Assets\\Scripts\\Services\\CacheService\\CacheModel\\CacheModelRaw.cs:48
        \r\n  at Urd.Services.CacheService.LoadCache (Urd.Services.Cache.CacheModelRaw
        cacheModel, System.Action`1[T] onCacheLoadedSuccess, System.Action`1[T] onCacheLoadedFailed)
        [0x00011] in D:\\User\\Documents\\Urd\\UdrProject\\Assets\\Scripts\\Services\\CacheService\\CacheService.cs:49
        \r\n"
      stacktrace: 
      notRunnable: 0
      ignoredOrSkipped: 0
      description: 
      isSuite: 0
      categories:
      - Uncategorized
      parentId: 1001
      parentUniqueId: TestsEditorMode.dll/Urd/Test/[TestsEditorMode][Urd.Test.TestCacheService][suite]
    - id: 1003
      uniqueId: TestsEditorMode.dll/Urd/Test/TestCacheService/[TestsEditorMode][Urd.Test.TestCacheService.CacheService_SaveCache_Failed]
      name: CacheService_SaveCache_Failed
      fullName: Urd.Test.TestCacheService.CacheService_SaveCache_Failed
      resultStatus: 1
      duration: 0.0655735
      messages: 
      output: "[CacheService] Error while try to save cache in path \n with value
        {\"arbitraryInt\":5,\"arbitraryString\":\"string\"}. Error: System.ArgumentException:
        Name has invalid chars\r\n  at System.IO.FileStream..ctor (System.String
        path, System.IO.FileMode mode, System.IO.FileAccess access, System.IO.FileShare
        share, System.Int32 bufferSize, System.Boolean anonymous, System.IO.FileOptions
        options) [0x000ae] in <9aad1b3a47484d63ba2b3985692d80e9>:0 \r\n  at System.IO.FileStream..ctor
        (System.String path, System.IO.FileMode mode, System.IO.FileAccess access,
        System.IO.FileShare share, System.Int32 bufferSize, System.IO.FileOptions
        options) [0x00000] in <9aad1b3a47484d63ba2b3985692d80e9>:0 \r\n  at (wrapper
        remoting-invoke-with-check) System.IO.FileStream..ctor(string,System.IO.FileMode,System.IO.FileAccess,System.IO.FileShare,int,System.IO.FileOptions)\r\n 
        at System.IO.StreamWriter..ctor (System.String path, System.Boolean append,
        System.Text.Encoding encoding, System.Int32 bufferSize) [0x00055] in <9aad1b3a47484d63ba2b3985692d80e9>:0
        \r\n  at System.IO.StreamWriter..ctor (System.String path) [0x00008] in <9aad1b3a47484d63ba2b3985692d80e9>:0
        \r\n  at (wrapper remoting-invoke-with-check) System.IO.StreamWriter..ctor(string)\r\n 
        at System.IO.File.WriteAllText (System.String path, System.String contents)
        [0x00026] in <9aad1b3a47484d63ba2b3985692d80e9>:0 \r\n  at Urd.Services.CacheService.SaveCacheInternal
        (Urd.Services.Cache.CacheModelRaw cacheModel, System.Action`1[T] onCacheSavedSuccess,
        System.Action`1[T] onCacheSavedFailed) [0x0000a] in D:\\User\\Documents\\Urd\\UdrProject\\Assets\\Scripts\\Services\\CacheService\\CacheService.cs:24
        \r\n"
      stacktrace: 
      notRunnable: 0
      ignoredOrSkipped: 0
      description: 
      isSuite: 0
      categories:
      - Uncategorized
      parentId: 1001
      parentUniqueId: TestsEditorMode.dll/Urd/Test/[TestsEditorMode][Urd.Test.TestCacheService][suite]
    - id: 1018
      uniqueId: TestsEditorMode.dll/Urd/Test/TestCacheService/[TestsEditorMode][Urd.Test.TestCacheService.CacheService_SaveCache_Success]
      name: CacheService_SaveCache_Success
      fullName: Urd.Test.TestCacheService.CacheService_SaveCache_Success
      resultStatus: 1
      duration: 0.0010582
      messages: 
      output: 
      stacktrace: 
      notRunnable: 0
      ignoredOrSkipped: 0
      description: 
      isSuite: 0
      categories:
      - Uncategorized
      parentId: 1017
      parentUniqueId: TestsEditorMode.dll/Urd/Test/[TestsEditorMode][Urd.Test.TestCacheService][suite]
    - id: 1003
      uniqueId: TestsEditorMode.dll/Urd/Test/TestCacheService/[TestsEditorMode][Urd.Test.TestCacheService.CacheService_SaveCacheRaw_Failed]
      name: CacheService_SaveCacheRaw_Failed
      fullName: Urd.Test.TestCacheService.CacheService_SaveCacheRaw_Failed
      resultStatus: 1
      duration: 0.0693775
      messages: 
      output: "[CacheService] Error while try to save cache in path \n with value
        . Error: System.ArgumentException: Name has invalid chars\r\n  at System.IO.FileStream..ctor
        (System.String path, System.IO.FileMode mode, System.IO.FileAccess access,
        System.IO.FileShare share, System.Int32 bufferSize, System.Boolean anonymous,
        System.IO.FileOptions options) [0x000ae] in <9aad1b3a47484d63ba2b3985692d80e9>:0
        \r\n  at System.IO.FileStream..ctor (System.String path, System.IO.FileMode
        mode, System.IO.FileAccess access, System.IO.FileShare share, System.Int32
        bufferSize, System.IO.FileOptions options) [0x00000] in <9aad1b3a47484d63ba2b3985692d80e9>:0
        \r\n  at (wrapper remoting-invoke-with-check) System.IO.FileStream..ctor(string,System.IO.FileMode,System.IO.FileAccess,System.IO.FileShare,int,System.IO.FileOptions)\r\n 
        at System.IO.StreamWriter..ctor (System.String path, System.Boolean append,
        System.Text.Encoding encoding, System.Int32 bufferSize) [0x00055] in <9aad1b3a47484d63ba2b3985692d80e9>:0
        \r\n  at System.IO.StreamWriter..ctor (System.String path) [0x00008] in <9aad1b3a47484d63ba2b3985692d80e9>:0
        \r\n  at (wrapper remoting-invoke-with-check) System.IO.StreamWriter..ctor(string)\r\n 
        at System.IO.File.WriteAllText (System.String path, System.String contents)
        [0x00026] in <9aad1b3a47484d63ba2b3985692d80e9>:0 \r\n  at Urd.Services.CacheService.SaveCacheInternal
        (Urd.Services.Cache.CacheModelRaw cacheModel, System.Action`1[T] onCacheSavedSuccess,
        System.Action`1[T] onCacheSavedFailed) [0x0000a] in D:\\User\\Documents\\Urd\\UdrProject\\Assets\\Scripts\\Services\\CacheService\\CacheService.cs:24
        \r\n"
      stacktrace: 
      notRunnable: 0
      ignoredOrSkipped: 0
      description: 
      isSuite: 0
      categories:
      - Uncategorized
      parentId: 1001
      parentUniqueId: TestsEditorMode.dll/Urd/Test/[TestsEditorMode][Urd.Test.TestCacheService][suite]
    - id: 1002
      uniqueId: TestsEditorMode.dll/Urd/Test/TestCacheService/[TestsEditorMode][Urd.Test.TestCacheService.CacheService_SaveCacheRaw_Success]
      name: CacheService_SaveCacheRaw_Success
      fullName: Urd.Test.TestCacheService.CacheService_SaveCacheRaw_Success
      resultStatus: 1
      duration: 0.0014334
      messages: 
      output: 
      stacktrace: 
      notRunnable: 0
      ignoredOrSkipped: 0
      description: 
      isSuite: 0
      categories:
      - Uncategorized
      parentId: 1001
      parentUniqueId: TestsEditorMode.dll/Urd/Test/[TestsEditorMode][Urd.Test.TestCacheService][suite]
    - id: 1001
      uniqueId: TestsEditorMode.dll/Urd/Test/[TestsEditorMode][Urd.Test.TestClockService][suite]
      name: TestClockService
      fullName: Urd.Test.TestClockService
      resultStatus: 1
      duration: 0.0316165
      messages: 
      output: 
      stacktrace: 
      notRunnable: 0
      ignoredOrSkipped: 0
      description: 
      isSuite: 1
      categories: []
      parentId: 1024
      parentUniqueId: TestsEditorMode.dll/Urd/[TestsEditorMode][Urd.Test][suite]
    - id: 1008
      uniqueId: TestsEditorMode.dll/Urd/Test/TestClockService/[TestsEditorMode][Urd.Test.TestClockService.ClockService_AddDelayCall_Finish][suite]
      name: ClockService_AddDelayCall_Finish
      fullName: Urd.Test.TestClockService.ClockService_AddDelayCall_Finish
      resultStatus: 1
      duration: 0.0135946
      messages: 
      output: 
      stacktrace: 
      notRunnable: 0
      ignoredOrSkipped: 0
      description: 
      isSuite: 1
      categories: []
      parentId: 1001
      parentUniqueId: TestsEditorMode.dll/Urd/Test/[TestsEditorMode][Urd.Test.TestClockService][suite]
    - id: 1006
      uniqueId: TestsEditorMode.dll/Urd/Test/TestClockService/ClockService_AddDelayCall_Finish/[TestsEditorMode][Urd.Test.TestClockService.ClockService_AddDelayCall_Finish(0.2f,1.0f,True)]
      name: ClockService_AddDelayCall_Finish(0.2f,1.0f,True)
      fullName: Urd.Test.TestClockService.ClockService_AddDelayCall_Finish(0.2f,1.0f,True)
      resultStatus: 1
      duration: 0.0109294
      messages: 
      output: 
      stacktrace: 
      notRunnable: 0
      ignoredOrSkipped: 0
      description: 
      isSuite: 0
      categories:
      - Uncategorized
      parentId: 1008
      parentUniqueId: TestsEditorMode.dll/Urd/Test/TestClockService/[TestsEditorMode][Urd.Test.TestClockService.ClockService_AddDelayCall_Finish][suite]
    - id: 1007
      uniqueId: TestsEditorMode.dll/Urd/Test/TestClockService/ClockService_AddDelayCall_Finish/[TestsEditorMode][Urd.Test.TestClockService.ClockService_AddDelayCall_Finish(0.2f,0.1f,False)]
      name: ClockService_AddDelayCall_Finish(0.2f,0.1f,False)
      fullName: Urd.Test.TestClockService.ClockService_AddDelayCall_Finish(0.2f,0.1f,False)
      resultStatus: 1
      duration: 0.0012001
      messages: 
      output: 
      stacktrace: 
      notRunnable: 0
      ignoredOrSkipped: 0
      description: 
      isSuite: 0
      categories:
      - Uncategorized
      parentId: 1008
      parentUniqueId: TestsEditorMode.dll/Urd/Test/TestClockService/[TestsEditorMode][Urd.Test.TestClockService.ClockService_AddDelayCall_Finish][suite]
    - id: 1002
      uniqueId: TestsEditorMode.dll/Urd/Test/TestClockService/[TestsEditorMode][Urd.Test.TestClockService.ClockService_SuscribeToUpdate_Success]
      name: ClockService_SuscribeToUpdate_Success
      fullName: Urd.Test.TestClockService.ClockService_SuscribeToUpdate_Success
      resultStatus: 1
      duration: 0.0014865
      messages: 
      output: 
      stacktrace: 
      notRunnable: 0
      ignoredOrSkipped: 0
      description: 
      isSuite: 0
      categories:
      - Uncategorized
      parentId: 1001
      parentUniqueId: TestsEditorMode.dll/Urd/Test/[TestsEditorMode][Urd.Test.TestClockService][suite]
    - id: 1004
      uniqueId: TestsEditorMode.dll/Urd/Test/TestClockService/[TestsEditorMode][Urd.Test.TestClockService.ClockService_SuscribeToUpdateButPause_Success]
      name: ClockService_SuscribeToUpdateButPause_Success
      fullName: Urd.Test.TestClockService.ClockService_SuscribeToUpdateButPause_Success
      resultStatus: 1
      duration: 0.0005233
      messages: 
      output: 
      stacktrace: 
      notRunnable: 0
      ignoredOrSkipped: 0
      description: 
      isSuite: 0
      categories:
      - Uncategorized
      parentId: 1001
      parentUniqueId: TestsEditorMode.dll/Urd/Test/[TestsEditorMode][Urd.Test.TestClockService][suite]
    - id: 1005
      uniqueId: TestsEditorMode.dll/Urd/Test/TestClockService/[TestsEditorMode][Urd.Test.TestClockService.ClockService_SuscribeToUpdateButUnPause_Success]
      name: ClockService_SuscribeToUpdateButUnPause_Success
      fullName: Urd.Test.TestClockService.ClockService_SuscribeToUpdateButUnPause_Success
      resultStatus: 1
      duration: 0.0003542
      messages: 
      output: 
      stacktrace: 
      notRunnable: 0
      ignoredOrSkipped: 0
      description: 
      isSuite: 0
      categories:
      - Uncategorized
      parentId: 1001
      parentUniqueId: TestsEditorMode.dll/Urd/Test/[TestsEditorMode][Urd.Test.TestClockService][suite]
    - id: 1003
      uniqueId: TestsEditorMode.dll/Urd/Test/TestClockService/[TestsEditorMode][Urd.Test.TestClockService.ClockService_UnsuscribeToUpdate_Success]
      name: ClockService_UnsuscribeToUpdate_Success
      fullName: Urd.Test.TestClockService.ClockService_UnsuscribeToUpdate_Success
      resultStatus: 1
      duration: 0.0020676
      messages: 
      output: 
      stacktrace: 
      notRunnable: 0
      ignoredOrSkipped: 0
      description: 
      isSuite: 0
      categories:
      - Uncategorized
      parentId: 1001
      parentUniqueId: TestsEditorMode.dll/Urd/Test/[TestsEditorMode][Urd.Test.TestClockService][suite]
    - id: 1009
      uniqueId: TestsEditorMode.dll/Urd/Test/[TestsEditorMode][Urd.Test.TestEventBusService][suite]
      name: TestEventBusService
      fullName: Urd.Test.TestEventBusService
      resultStatus: 1
      duration: 0.0165843
      messages: 
      output: 
      stacktrace: 
      notRunnable: 0
      ignoredOrSkipped: 0
      description: 
      isSuite: 1
      categories: []
      parentId: 1024
      parentUniqueId: TestsEditorMode.dll/Urd/[TestsEditorMode][Urd.Test][suite]
    - id: 1011
      uniqueId: TestsEditorMode.dll/Urd/Test/TestEventBusService/[TestsEditorMode][Urd.Test.TestEventBusService.EventBusService_SubscribeMultiple_Success]
      name: EventBusService_SubscribeMultiple_Success
      fullName: Urd.Test.TestEventBusService.EventBusService_SubscribeMultiple_Success
      resultStatus: 1
      duration: 0.0028186
      messages: 
      output: 
      stacktrace: 
      notRunnable: 0
      ignoredOrSkipped: 0
      description: 
      isSuite: 0
      categories:
      - Uncategorized
      parentId: 1009
      parentUniqueId: TestsEditorMode.dll/Urd/Test/[TestsEditorMode][Urd.Test.TestEventBusService][suite]
    - id: 1013
      uniqueId: TestsEditorMode.dll/Urd/Test/TestEventBusService/[TestsEditorMode][Urd.Test.TestEventBusService.EventBusService_SubscribeMultipleOneType_Success]
      name: EventBusService_SubscribeMultipleOneType_Success
      fullName: Urd.Test.TestEventBusService.EventBusService_SubscribeMultipleOneType_Success
      resultStatus: 1
      duration: 0.0004118
      messages: 
      output: 
      stacktrace: 
      notRunnable: 0
      ignoredOrSkipped: 0
      description: 
      isSuite: 0
      categories:
      - Uncategorized
      parentId: 1009
      parentUniqueId: TestsEditorMode.dll/Urd/Test/[TestsEditorMode][Urd.Test.TestEventBusService][suite]
    - id: 1010
      uniqueId: TestsEditorMode.dll/Urd/Test/TestEventBusService/[TestsEditorMode][Urd.Test.TestEventBusService.EventBusService_SubscribeSingle_Success]
      name: EventBusService_SubscribeSingle_Success
      fullName: Urd.Test.TestEventBusService.EventBusService_SubscribeSingle_Success
      resultStatus: 1
      duration: 0.0003501
      messages: 
      output: 
      stacktrace: 
      notRunnable: 0
      ignoredOrSkipped: 0
      description: 
      isSuite: 0
      categories:
      - Uncategorized
      parentId: 1009
      parentUniqueId: TestsEditorMode.dll/Urd/Test/[TestsEditorMode][Urd.Test.TestEventBusService][suite]
    - id: 1012
      uniqueId: TestsEditorMode.dll/Urd/Test/TestEventBusService/[TestsEditorMode][Urd.Test.TestEventBusService.EventBusService_SubscribeSingleOneType_Success]
      name: EventBusService_SubscribeSingleOneType_Success
      fullName: Urd.Test.TestEventBusService.EventBusService_SubscribeSingleOneType_Success
      resultStatus: 1
      duration: 0.00027
      messages: 
      output: 
      stacktrace: 
      notRunnable: 0
      ignoredOrSkipped: 0
      description: 
      isSuite: 0
      categories:
      - Uncategorized
      parentId: 1009
      parentUniqueId: TestsEditorMode.dll/Urd/Test/[TestsEditorMode][Urd.Test.TestEventBusService][suite]
    - id: 1015
      uniqueId: TestsEditorMode.dll/Urd/Test/TestEventBusService/[TestsEditorMode][Urd.Test.TestEventBusService.EventBusService_UnsubscribeMultiple_Success]
      name: EventBusService_UnsubscribeMultiple_Success
      fullName: Urd.Test.TestEventBusService.EventBusService_UnsubscribeMultiple_Success
      resultStatus: 1
      duration: 0.0006429
      messages: 
      output: 
      stacktrace: 
      notRunnable: 0
      ignoredOrSkipped: 0
      description: 
      isSuite: 0
      categories:
      - Uncategorized
      parentId: 1009
      parentUniqueId: TestsEditorMode.dll/Urd/Test/[TestsEditorMode][Urd.Test.TestEventBusService][suite]
    - id: 1018
      uniqueId: TestsEditorMode.dll/Urd/Test/TestEventBusService/[TestsEditorMode][Urd.Test.TestEventBusService.EventBusService_UnsubscribeMultipleOneType_Success]
      name: EventBusService_UnsubscribeMultipleOneType_Success
      fullName: Urd.Test.TestEventBusService.EventBusService_UnsubscribeMultipleOneType_Success
      resultStatus: 1
      duration: 0.0002957
      messages: 
      output: 
      stacktrace: 
      notRunnable: 0
      ignoredOrSkipped: 0
      description: 
      isSuite: 0
      categories:
      - Uncategorized
      parentId: 1009
      parentUniqueId: TestsEditorMode.dll/Urd/Test/[TestsEditorMode][Urd.Test.TestEventBusService][suite]
    - id: 1017
      uniqueId: TestsEditorMode.dll/Urd/Test/TestEventBusService/[TestsEditorMode][Urd.Test.TestEventBusService.EventBusService_UnsubscribeMultipleOneTypeSuscribe_Success]
      name: EventBusService_UnsubscribeMultipleOneTypeSuscribe_Success
      fullName: Urd.Test.TestEventBusService.EventBusService_UnsubscribeMultipleOneTypeSuscribe_Success
      resultStatus: 1
      duration: 0.0002677
      messages: 
      output: 
      stacktrace: 
      notRunnable: 0
      ignoredOrSkipped: 0
      description: 
      isSuite: 0
      categories:
      - Uncategorized
      parentId: 1009
      parentUniqueId: TestsEditorMode.dll/Urd/Test/[TestsEditorMode][Urd.Test.TestEventBusService][suite]
    - id: 1014
      uniqueId: TestsEditorMode.dll/Urd/Test/TestEventBusService/[TestsEditorMode][Urd.Test.TestEventBusService.EventBusService_UnsubscribeSingle_Success]
      name: EventBusService_UnsubscribeSingle_Success
      fullName: Urd.Test.TestEventBusService.EventBusService_UnsubscribeSingle_Success
      resultStatus: 1
      duration: 0.0002612
      messages: 
      output: 
      stacktrace: 
      notRunnable: 0
      ignoredOrSkipped: 0
      description: 
      isSuite: 0
      categories:
      - Uncategorized
      parentId: 1009
      parentUniqueId: TestsEditorMode.dll/Urd/Test/[TestsEditorMode][Urd.Test.TestEventBusService][suite]
    - id: 1016
      uniqueId: TestsEditorMode.dll/Urd/Test/TestEventBusService/[TestsEditorMode][Urd.Test.TestEventBusService.EventBusService_UnsubscribeSingleOneType_Success]
      name: EventBusService_UnsubscribeSingleOneType_Success
      fullName: Urd.Test.TestEventBusService.EventBusService_UnsubscribeSingleOneType_Success
      resultStatus: 1
      duration: 0.0003001
      messages: 
      output: 
      stacktrace: 
      notRunnable: 0
      ignoredOrSkipped: 0
      description: 
      isSuite: 0
      categories:
      - Uncategorized
      parentId: 1009
      parentUniqueId: TestsEditorMode.dll/Urd/Test/[TestsEditorMode][Urd.Test.TestEventBusService][suite]
    - id: 1050
      uniqueId: TestsEditorMode.dll/Urd/Test/[TestsEditorMode][Urd.Test.TestLocalizationService][suite]
      name: TestLocalizationService
      fullName: Urd.Test.TestLocalizationService
      resultStatus: 1
      duration: 0.0051322
      messages: 
      output: 
      stacktrace: 
      notRunnable: 0
      ignoredOrSkipped: 0
      description: 
      isSuite: 1
      categories: []
      parentId: 1058
      parentUniqueId: TestsEditorMode.dll/Urd/[TestsEditorMode][Urd.Test][suite]
    - id: 1052
      uniqueId: TestsEditorMode.dll/Urd/Test/TestLocalizationService/[TestsEditorMode][Urd.Test.TestLocalizationService.UnityService_TryLocate_Failed]
      name: UnityService_TryLocate_Failed
      fullName: Urd.Test.TestLocalizationService.UnityService_TryLocate_Failed
      resultStatus: 1
      duration: 0.0011802
      messages: 
      output: '[LocalizationService] The key WRONG_KEY is not in the dictionary

'
      stacktrace: 
      notRunnable: 0
      ignoredOrSkipped: 0
      description: 
      isSuite: 0
      categories:
      - Uncategorized
      parentId: 1050
      parentUniqueId: TestsEditorMode.dll/Urd/Test/[TestsEditorMode][Urd.Test.TestLocalizationService][suite]
    - id: 1051
      uniqueId: TestsEditorMode.dll/Urd/Test/TestLocalizationService/[TestsEditorMode][Urd.Test.TestLocalizationService.UnityService_TryLocate_Success]
      name: UnityService_TryLocate_Success
      fullName: Urd.Test.TestLocalizationService.UnityService_TryLocate_Success
      resultStatus: 1
      duration: 0.0004175
      messages: 
      output: 
      stacktrace: 
      notRunnable: 0
      ignoredOrSkipped: 0
      description: 
      isSuite: 0
      categories:
      - Uncategorized
      parentId: 1050
      parentUniqueId: TestsEditorMode.dll/Urd/Test/[TestsEditorMode][Urd.Test.TestLocalizationService][suite]
    - id: 1019
      uniqueId: TestsEditorMode.dll/Urd/Test/[TestsEditorMode][Urd.Test.TestServiceLocator][suite]
      name: TestServiceLocator
      fullName: Urd.Test.TestServiceLocator
      resultStatus: 1
      duration: 0.0140477
      messages: 
      output: 
      stacktrace: 
      notRunnable: 0
      ignoredOrSkipped: 0
      description: 
      isSuite: 1
      categories: []
      parentId: 1024
      parentUniqueId: TestsEditorMode.dll/Urd/[TestsEditorMode][Urd.Test][suite]
    - id: 1021
      uniqueId: TestsEditorMode.dll/Urd/Test/TestServiceLocator/[TestsEditorMode][Urd.Test.TestServiceLocator.ServiceLocator_GetService_FailedBecauseServiceDoesntExit]
      name: ServiceLocator_GetService_FailedBecauseServiceDoesntExit
      fullName: Urd.Test.TestServiceLocator.ServiceLocator_GetService_FailedBecauseServiceDoesntExit
      resultStatus: 1
      duration: 0.0042529
      messages: 
      output: 'Service of type Urd.Test.TestServiceLocator+IDummyService2 not registered

'
      stacktrace: 
      notRunnable: 0
      ignoredOrSkipped: 0
      description: 
      isSuite: 0
      categories:
      - Uncategorized
      parentId: 1019
      parentUniqueId: TestsEditorMode.dll/Urd/Test/[TestsEditorMode][Urd.Test.TestServiceLocator][suite]
    - id: 1020
      uniqueId: TestsEditorMode.dll/Urd/Test/TestServiceLocator/[TestsEditorMode][Urd.Test.TestServiceLocator.ServiceLocator_GetService_Success]
      name: ServiceLocator_GetService_Success
      fullName: Urd.Test.TestServiceLocator.ServiceLocator_GetService_Success
      resultStatus: 1
      duration: 0.0005315
      messages: 
      output: 
      stacktrace: 
      notRunnable: 0
      ignoredOrSkipped: 0
      description: 
      isSuite: 0
      categories:
      - Uncategorized
      parentId: 1019
      parentUniqueId: TestsEditorMode.dll/Urd/Test/[TestsEditorMode][Urd.Test.TestServiceLocator][suite]
    m_ResultText: TestLocalizationService (0.005s)
    m_ResultStacktrace: 
    m_TestListState:
      scrollPos: {x: 0, y: 0}
      m_SelectedIDs: 6554089b
      m_LastClickedID: -1693952923
      m_ExpandedIDs: 9f8509876554089b7d87879ed3cd659f11ee18c1e557abf7d367a4f8985d340bffffff7f
      m_RenameOverlay:
        m_UserAcceptedRename: 0
        m_Name: 
        m_OriginalName: 
        m_EditFieldRect:
          serializedVersion: 2
          x: 0
          y: 0
          width: 0
          height: 0
        m_UserData: 0
        m_IsWaitingForDelay: 0
        m_IsRenaming: 0
        m_OriginalEventType: 11
        m_IsRenamingFilename: 0
        m_ClientGUIView: {fileID: 0}
      m_SearchString: 
    m_TestRunnerUIFilter:
      PassedHidden: 0
      FailedHidden: 0
      NotRunHidden: 0
      m_SearchString: 
      selectedCategoryMask: 0
      availableCategories:
      - Uncategorized
--- !u!114 &24
MonoBehaviour:
  m_ObjectHideFlags: 52
  m_CorrespondingSourceObject: {fileID: 0}
  m_PrefabInstance: {fileID: 0}
  m_PrefabAsset: {fileID: 0}
  m_GameObject: {fileID: 0}
  m_Enabled: 1
  m_EditorHideFlags: 1
  m_Script: {fileID: 12019, guid: 0000000000000000e000000000000000, type: 0}
  m_Name: 
  m_EditorClassIdentifier: 
  m_MinSize: {x: 275, y: 50}
  m_MaxSize: {x: 4000, y: 4000}
  m_TitleContent:
    m_Text: Inspector
    m_Image: {fileID: -2667387946076563598, guid: 0000000000000000d000000000000000, type: 0}
    m_Tooltip: 
  m_Pos:
    serializedVersion: 2
    x: 1536
    y: 73
    width: 1023
    height: 918
  m_ViewDataDictionary: {fileID: 0}
  m_OverlayCanvas:
    m_LastAppliedPresetName: Default
    m_SaveData: []
  m_ObjectsLockedBeforeSerialization: []
  m_InstanceIDsLockedBeforeSerialization: 
  m_PreviewResizer:
    m_CachedPref: -160
    m_ControlHash: -371814159
    m_PrefName: Preview_InspectorPreview
  m_LastInspectedObjectInstanceID: -1
  m_LastVerticalScrollValue: 468
  m_GlobalObjectId: 
  m_InspectorMode: 0
  m_LockTracker:
    m_IsLocked: 0
  m_PreviewWindow: {fileID: 0}
--- !u!114 &25
MonoBehaviour:
  m_ObjectHideFlags: 52
  m_CorrespondingSourceObject: {fileID: 0}
  m_PrefabInstance: {fileID: 0}
  m_PrefabAsset: {fileID: 0}
  m_GameObject: {fileID: 0}
  m_Enabled: 1
  m_EditorHideFlags: 0
  m_Script: {fileID: 13854, guid: 0000000000000000e000000000000000, type: 0}
  m_Name: 
  m_EditorClassIdentifier: 
  m_MinSize: {x: 310, y: 200}
  m_MaxSize: {x: 4000, y: 4000}
  m_TitleContent:
    m_Text: Project Settings
    m_Image: {fileID: -5712115415447495865, guid: 0000000000000000d000000000000000, type: 0}
    m_Tooltip: 
  m_Pos:
    serializedVersion: 2
    x: 1536
    y: 73
    width: 1023
    height: 918
  m_ViewDataDictionary: {fileID: 0}
  m_OverlayCanvas:
    m_LastAppliedPresetName: Default
    m_SaveData: []
  m_PosLeft: {x: 0, y: 0}
  m_PosRight: {x: 0, y: 428}
  m_Scope: 1
  m_SplitterFlex: 0.2
  m_SearchText: 
  m_TreeViewState:
    scrollPos: {x: 0, y: 0}
    m_SelectedIDs: a73eced7
    m_LastClickedID: -674349401
    m_ExpandedIDs: a01a5fa653336be200000000c53aba5a
    m_RenameOverlay:
      m_UserAcceptedRename: 0
      m_Name: 
      m_OriginalName: 
      m_EditFieldRect:
        serializedVersion: 2
        x: 0
        y: 0
        width: 0
        height: 0
      m_UserData: 0
      m_IsWaitingForDelay: 0
      m_IsRenaming: 0
      m_OriginalEventType: 11
      m_IsRenamingFilename: 0
      m_ClientGUIView: {fileID: 0}
    m_SearchString: 
